<?xml version="1.0" encoding="UTF-8"?>
<!-- Generated by org.testng.reporters.JUnitReportReporter -->
<testsuite hostname="DM-LT04" failures="0" tests="1" name="JawayJsonPath.JsonPathMethod" time="3.376" errors="0" timestamp="2024-09-28T23:31:12 EDT" skipped="0">
  <testcase classname="JawayJsonPath.JsonPathMethod" name="getProductAPITest_Conditionalexamples" time="3.376"/>
</testsuite> <!-- JawayJsonPath.JsonPathMethod -->
