<?xml version="1.0" encoding="UTF-8"?>
<!-- Generated by org.testng.reporters.JUnitReportReporter -->
<testsuite hostname="DM-LT04" failures="0" tests="1" name="UpdateUser.UpdateUserwithPOJO" time="6.462" errors="0" timestamp="2024-09-24T22:06:06 EDT" skipped="0">
  <testcase classname="UpdateUser.UpdateUserwithPOJO" name="createuserwithPOJO" time="6.462"/>
</testsuite> <!-- UpdateUser.UpdateUserwithPOJO -->
