<?xml version="1.0" encoding="UTF-8"?>
<!-- Generated by org.testng.reporters.JUnitReportReporter -->
<testsuite hostname="DM-LT04" failures="0" tests="6" name="BookingAPITest.BookingAPIFeatureTest" time="8.749" errors="0" timestamp="2024-09-24T00:24:32 EDT" skipped="0">
  <testcase classname="BookingAPITest.BookingAPIFeatureTest" name="deleteBookingTest" time="1.062"/>
  <testcase classname="BookingAPITest.BookingAPIFeatureTest" name="partialUpdateBookingTest" time="1.035"/>
  <testcase classname="BookingAPITest.BookingAPIFeatureTest" name="updateABookingTest" time="1.028"/>
  <testcase classname="BookingAPITest.BookingAPIFeatureTest" name="createABookingTest" time="0.606"/>
  <testcase classname="BookingAPITest.BookingAPIFeatureTest" name="getAllBookingIDTest" time="4.216"/>
  <testcase classname="BookingAPITest.BookingAPIFeatureTest" name="getSingleBookingIDTest" time="0.802"/>
</testsuite> <!-- BookingAPITest.BookingAPIFeatureTest -->
