<?xml version="1.0" encoding="UTF-8"?>
<!-- Generated by org.testng.reporters.JUnitReportReporter -->
<testsuite hostname="DM-LT04" failures="0" tests="1" name="JawayJsonPath.JsonPathTest" time="3.294" errors="0" timestamp="2024-09-28T21:52:10 EDT" skipped="0">
  <testcase classname="JawayJsonPath.JsonPathTest" name="getProductAPITest_2Conditionalexamples_with3attributes" time="3.294"/>
</testsuite> <!-- JawayJsonPath.JsonPathTest -->
