<?xml version="1.0" encoding="UTF-8"?>
<!-- Generated by org.testng.reporters.JUnitReportReporter -->
<testsuite hostname="DM-LT04" failures="0" tests="1" name="FIRSTAPI.GetAPIwithQueryparamsandPathparams" time="11.139" errors="0" timestamp="2024-09-22T22:53:38 EDT" skipped="0">
  <testcase classname="FIRSTAPI.GetAPIwithQueryparamsandPathparams" name="getusUserwithpathParams" time="11.139"/>
</testsuite> <!-- FIRSTAPI.GetAPIwithQueryparamsandPathparams -->
