<?xml version="1.0" encoding="UTF-8"?>
<!-- Generated by org.testng.reporters.JUnitReportReporter -->
<testsuite hostname="DM-LT04" failures="0" tests="1" name="Deserilization.ProductTest" time="4.304" errors="0" timestamp="2024-09-26T14:36:13 EDT" skipped="0">
  <testcase classname="Deserilization.ProductTest" name="createandgetProduct_WITHPOJODerilization" time="4.304"/>
</testsuite> <!-- Deserilization.ProductTest -->
