<?xml version="1.0" encoding="UTF-8"?>
<!-- Generated by org.testng.reporters.JUnitReportReporter -->
<testsuite hostname="DM-LT04" failures="0" tests="1" name="FIRSTAPI.FetchResponseDataConcept" time="6.636" errors="0" timestamp="2024-09-22T17:31:34 EDT" skipped="0">
  <testcase classname="FIRSTAPI.FetchResponseDataConcept" name="getProduct_FetchNestedData" time="6.636"/>
</testsuite> <!-- FIRSTAPI.FetchResponseDataConcept -->
