<?xml version="1.0" encoding="UTF-8"?>
<!-- Generated by org.testng.reporters.JUnitReportReporter -->
<testsuite hostname="DM-LT04" failures="0" tests="1" name="XMLAPIs.XMLPathTest" time="4.261" errors="0" timestamp="2024-09-29T02:30:56 EDT" skipped="0">
  <testcase classname="XMLAPIs.XMLPathTest" name="xmlpathCircuitXMLtest" time="4.261"/>
</testsuite> <!-- XMLAPIs.XMLPathTest -->
