<?xml version="1.0" encoding="UTF-8"?>
<!-- Generated by org.testng.reporters.JUnitReportReporter -->
<testsuite hostname="DM-LT04" failures="0" tests="1" name="Authentication.Authlearn" time="2.718" errors="0" timestamp="2024-11-02T15:15:50 EDT" skipped="0">
  <testcase classname="Authentication.Authlearn" name="basicAuth" time="2.718"/>
</testsuite> <!-- Authentication.Authlearn -->
