<?xml version="1.0" encoding="UTF-8"?>
<!-- Generated by org.testng.reporters.JUnitReportReporter -->
<testsuite hostname="DM-LT04" failures="0" tests="2" name="FakeStoreAPI.CreatefakeUserTest" time="3.547" errors="0" timestamp="2024-11-02T19:57:45 EDT" skipped="0">
  <testcase classname="FakeStoreAPI.CreatefakeUserTest" name="cretefakeUSer_withBuilderLombok" time="2.704"/>
  <testcase classname="FakeStoreAPI.CreatefakeUserTest" name="cretefakeUSer_withLombok" time="0.843"/>
</testsuite> <!-- FakeStoreAPI.CreatefakeUserTest -->
