<?xml version="1.0" encoding="UTF-8"?>
<!-- Generated by org.testng.reporters.JUnitReportReporter -->
<testsuite hostname="DM-LT04" failures="0" tests="1" name="UpdateUser.UpdateUserWithLOMBOK" time="7.027" errors="0" timestamp="2024-09-24T23:42:07 EDT" skipped="0">
  <testcase classname="UpdateUser.UpdateUserWithLOMBOK" name="createuserwith_Lombok_Builder" time="7.027"/>
</testsuite> <!-- UpdateUser.UpdateUserWithLOMBOK -->
