<?xml version="1.0" encoding="UTF-8"?>
<!-- Generated by org.testng.reporters.JUnitReportReporter -->
<testsuite hostname="DM-LT04" failures="0" tests="1" name="UserDetails.UserwithJsonArrayLombokTest" time="3.238" errors="0" timestamp="2024-09-25T17:35:15 EDT" skipped="0">
  <testcase classname="UserDetails.UserwithJsonArrayLombokTest" name="createUserJwithBuilder" time="3.238"/>
</testsuite> <!-- UserDetails.UserwithJsonArrayLombokTest -->
