<?xml version="1.0" encoding="UTF-8"?>
<!-- Generated by org.testng.reporters.JUnitReportReporter -->
<testsuite hostname="DM-LT04" failures="0" tests="1" name="PostWithAuthAPI.AuthAPITest" time="5.017" errors="0" timestamp="2024-09-24T10:12:50 EDT" skipped="0">
  <testcase classname="PostWithAuthAPI.AuthAPITest" name="gettokenusingAuth_WithPOJOClass" time="5.017"/>
</testsuite> <!-- PostWithAuthAPI.AuthAPITest -->
