<?xml version="1.0" encoding="UTF-8"?>
<!-- Generated by org.testng.reporters.JUnitReportReporter -->
<testsuite hostname="DM-LT04" failures="0" tests="1" name="Authentication.OAuth2APITest" time="4.997" errors="0" timestamp="2024-11-02T17:31:47 EDT" skipped="0">
  <testcase classname="Authentication.OAuth2APITest" name="getFlightdetails" time="4.997"/>
</testsuite> <!-- Authentication.OAuth2APITest -->
